<?xml version="1.0" encoding="UTF-8"?>
<!-- Generated by org.testng.reporters.JUnitReportReporter -->
<testsuite hostname="DESKTOP-MFT30V2" failures="0" tests="1" name="Test.FacebookLoginPageTest2" time="2.837" errors="0" timestamp="15 Jan 2019 17:05:47 GMT" skipped="0">
  <testcase classname="Test.FacebookLoginPageTest2" name="registerNewUser" time="2.837"/>
</testsuite> <!-- Test.FacebookLoginPageTest2 -->
